<?xml version="1.0" encoding="UTF-8"?>
<!-- Generated by org.testng.reporters.JUnitReportReporter -->
<testsuite hostname="laptop205" failures="0" tests="1" name="cucumberOptions.TestNGRunner" time="0.097" errors="0" timestamp="2023-03-11T15:42:40 CET" skipped="0">
  <testcase classname="cucumberOptions.TestNGRunner" name="runScenario" time="0.097"/>
  <system-out/>
</testsuite> <!-- cucumberOptions.TestNGRunner -->
