<?xml version="1.0" encoding="UTF-8"?>
<!-- Generated by org.testng.reporters.JUnitReportReporter -->
<testsuite hostname="LAPTOP-90OMOL33" failures="0" tests="3" name="cucumberOptions.TestMobileRunner" time="0.123" errors="0" timestamp="2023-03-18T16:37:11 CET" skipped="0">
  <testcase classname="cucumberOptions.TestMobileRunner" name="runScenario" time="0.009"/>
  <system-out/>
  <testcase classname="cucumberOptions.TestMobileRunner" name="runScenario" time="0.096"/>
  <system-out/>
  <testcase classname="cucumberOptions.TestMobileRunner" name="runScenario" time="0.018"/>
  <system-out/>
</testsuite> <!-- cucumberOptions.TestMobileRunner -->
