<?xml version="1.0" encoding="UTF-8"?>
<!-- Generated by org.testng.reporters.JUnitReportReporter -->
<testsuite hostname="LAPTOP-90OMOL33" failures="0" tests="1" name="cucumberOptions.TestNGRunner" time="5.495" errors="0" timestamp="2023-05-15T14:03:55 CEST" skipped="0">
  <testcase classname="cucumberOptions.TestNGRunner" name="runScenario" time="5.495"/>
  <system-out/>
</testsuite> <!-- cucumberOptions.TestNGRunner -->
